Collecting lale
  Using cached lale-0.4.14-py3-none-any.whl (771 kB)
Collecting scipy
  Downloading scipy-1.6.1-cp37-cp37m-macosx_10_9_x86_64.whl (30.7 MB)
Collecting graphviz
  Using cached graphviz-0.16-py2.py3-none-any.whl (19 kB)
Collecting decorator
  Using cached decorator-4.4.2-py2.py3-none-any.whl (9.2 kB)
Collecting black==19.10b0
  Using cached black-19.10b0-py36-none-any.whl (97 kB)
Collecting numpy
  Using cached numpy-1.20.1-cp37-cp37m-macosx_10_9_x86_64.whl (16.0 MB)
Collecting scikit-learn>=0.20.3
  Downloading scikit_learn-0.24.1-cp37-cp37m-macosx_10_13_x86_64.whl (7.2 MB)
Collecting jsonschema
  Using cached jsonschema-3.2.0-py2.py3-none-any.whl (56 kB)
Collecting hyperopt
  Using cached hyperopt-0.2.5-py2.py3-none-any.whl (965 kB)
Collecting pandas
  Downloading pandas-1.2.3-cp37-cp37m-macosx_10_9_x86_64.whl (10.4 MB)
Collecting astunparse
  Using cached astunparse-1.6.3-py2.py3-none-any.whl (12 kB)
Collecting jsonsubschema
  Using cached jsonsubschema-0.0.1-py3-none-any.whl (24 kB)
Collecting h5py
  Downloading h5py-3.2.1-cp37-cp37m-macosx_10_9_x86_64.whl (2.9 MB)
Collecting attrs>=18.1.0
  Using cached attrs-20.3.0-py2.py3-none-any.whl (49 kB)
Collecting toml>=0.9.4
  Using cached toml-0.10.2-py2.py3-none-any.whl (16 kB)
Collecting pathspec<1,>=0.6
  Using cached pathspec-0.8.1-py2.py3-none-any.whl (28 kB)
Collecting regex
  Downloading regex-2021.3.17-cp37-cp37m-macosx_10_9_x86_64.whl (285 kB)
Collecting typed-ast>=1.4.0
  Using cached typed_ast-1.4.2-cp37-cp37m-macosx_10_9_x86_64.whl (223 kB)
Collecting click>=6.5
  Using cached click-7.1.2-py2.py3-none-any.whl (82 kB)
Collecting appdirs
  Using cached appdirs-1.4.4-py2.py3-none-any.whl (9.6 kB)
Collecting joblib>=0.11
  Using cached joblib-1.0.1-py3-none-any.whl (303 kB)
Collecting threadpoolctl>=2.0.0
  Using cached threadpoolctl-2.1.0-py3-none-any.whl (12 kB)
Processing /Users/ppalmes/Library/Caches/pip/wheels/a5/52/bf/71258a1d7b3c8cbe1ee53f9314c6f65f20385481eaee573cc5/pyrsistent-0.17.3-cp37-cp37m-macosx_10_9_x86_64.whl
Collecting setuptools
  Downloading setuptools-54.2.0-py3-none-any.whl (785 kB)
Collecting importlib-metadata; python_version < "3.8"
  Downloading importlib_metadata-3.7.3-py3-none-any.whl (12 kB)
Collecting six>=1.11.0
  Using cached six-1.15.0-py2.py3-none-any.whl (10 kB)
Processing /Users/ppalmes/Library/Caches/pip/wheels/8b/99/a0/81daf51dcd359a9377b110a8a886b3895921802d2fc1b2397e/future-0.18.2-cp37-none-any.whl
Collecting cloudpickle
  Using cached cloudpickle-1.6.0-py3-none-any.whl (23 kB)
Collecting networkx>=2.2
  Using cached networkx-2.5-py3-none-any.whl (1.6 MB)
Collecting tqdm
  Using cached tqdm-4.59.0-py2.py3-none-any.whl (74 kB)
Collecting pytz>=2017.3
  Using cached pytz-2021.1-py2.py3-none-any.whl (510 kB)
Collecting python-dateutil>=2.7.3
  Using cached python_dateutil-2.8.1-py2.py3-none-any.whl (227 kB)
Collecting wheel<1.0,>=0.23.0
  Using cached wheel-0.36.2-py2.py3-none-any.whl (35 kB)
Collecting greenery
  Using cached greenery-3.3.1-py3-none-any.whl (40 kB)
Collecting python-intervals
  Using cached python_intervals-1.10.0.post1-py2.py3-none-any.whl (13 kB)
Collecting cached-property; python_version < "3.8"
  Using cached cached_property-1.5.2-py2.py3-none-any.whl (7.6 kB)
Collecting zipp>=0.5
  Downloading zipp-3.4.1-py3-none-any.whl (5.2 kB)
Collecting typing-extensions>=3.6.4; python_version < "3.8"
  Using cached typing_extensions-3.7.4.3-py3-none-any.whl (22 kB)
Installing collected packages: numpy, scipy, graphviz, decorator, attrs, toml, pathspec, regex, typed-ast, click, appdirs, black, joblib, threadpoolctl, scikit-learn, pyrsistent, setuptools, zipp, typing-extensions, importlib-metadata, six, jsonschema, future, cloudpickle, networkx, tqdm, hyperopt, pytz, python-dateutil, pandas, wheel, astunparse, greenery, python-intervals, jsonsubschema, cached-property, h5py, lale
  WARNING: The scripts f2py, f2py3 and f2py3.7 are installed in '/Users/ppalmes/.local/bin' which is not on PATH.
  Consider adding this directory to PATH or, if you prefer to suppress this warning, use --no-warn-script-location.
  WARNING: The scripts black and blackd are installed in '/Users/ppalmes/.local/bin' which is not on PATH.
  Consider adding this directory to PATH or, if you prefer to suppress this warning, use --no-warn-script-location.
  WARNING: The script jsonschema is installed in '/Users/ppalmes/.local/bin' which is not on PATH.
  Consider adding this directory to PATH or, if you prefer to suppress this warning, use --no-warn-script-location.
  WARNING: The scripts futurize and pasteurize are installed in '/Users/ppalmes/.local/bin' which is not on PATH.
  Consider adding this directory to PATH or, if you prefer to suppress this warning, use --no-warn-script-location.
  WARNING: The script tqdm is installed in '/Users/ppalmes/.local/bin' which is not on PATH.
  Consider adding this directory to PATH or, if you prefer to suppress this warning, use --no-warn-script-location.
  WARNING: The script hyperopt-mongo-worker is installed in '/Users/ppalmes/.local/bin' which is not on PATH.
  Consider adding this directory to PATH or, if you prefer to suppress this warning, use --no-warn-script-location.
  WARNING: The script wheel is installed in '/Users/ppalmes/.local/bin' which is not on PATH.
  Consider adding this directory to PATH or, if you prefer to suppress this warning, use --no-warn-script-location.
  WARNING: The script jsonsubschema is installed in '/Users/ppalmes/.local/bin' which is not on PATH.
  Consider adding this directory to PATH or, if you prefer to suppress this warning, use --no-warn-script-location.
ERROR: After October 2020 you may experience errors when installing or updating packages. This is because pip will change the way that it resolves dependency conflicts.

We recommend you use --use-feature=2020-resolver to test your packages with the new resolver before it becomes the default.

torch 1.7.0 requires dataclasses, which is not installed.
tensorflow 1.14.0 requires google-pasta>=0.1.6, which is not installed.
optuna 2.5.0 requires Cython, which is not installed.
Successfully installed appdirs-1.4.4 astunparse-1.6.3 attrs-20.3.0 black-19.10b0 cached-property-1.5.2 click-7.1.2 cloudpickle-1.6.0 decorator-4.4.2 future-0.18.2 graphviz-0.16 greenery-3.3.1 h5py-3.2.1 hyperopt-0.2.5 importlib-metadata-3.7.3 joblib-1.0.1 jsonschema-3.2.0 jsonsubschema-0.0.1 lale-0.4.14 networkx-2.5 numpy-1.20.1 pandas-1.2.3 pathspec-0.8.1 pyrsistent-0.17.3 python-dateutil-2.8.1 python-intervals-1.10.0.post1 pytz-2021.1 regex-2021.3.17 scikit-learn-0.24.1 scipy-1.6.1 setuptools-54.2.0 six-1.15.0 threadpoolctl-2.1.0 toml-0.10.2 tqdm-4.59.0 typed-ast-1.4.2 typing-extensions-3.7.4.3 wheel-0.36.2 zipp-3.4.1
